# JRE version: Java(TM) SE Runtime Environment (8.0_191-b12) (build 1.8.0_191-b12)
# Java VM: Java HotSpot(TM) 64-Bit Server VM (25.191-b12 mixed mode bsd-amd64 compressed oops)
Heap:
 PSYoungGen      total 34304K, used 16323K [0x00000007bce00000, 0x00000007c0000000, 0x00000007c0000000)
  eden space 17408K, 93% used [0x00000007bce00000,0x00000007bddf0ea8,0x00000007bdf00000)
  from space 16896K, 0% used [0x00000007bef80000,0x00000007bef80000,0x00000007c0000000)
  to   space 16896K, 0% used [0x00000007bdf00000,0x00000007bdf00000,0x00000007bef80000)
 ParOldGen       total 102400K, used 102371K [0x00000007b6a00000, 0x00000007bce00000, 0x00000007bce00000)
  object space 102400K, 99% used [0x00000007b6a00000,0x00000007bcdf8e88,0x00000007bce00000)
 Metaspace       used 11499K, capacity 11828K, committed 12160K, reserved 1060864K
  class space    used 1215K, capacity 1316K, committed 1408K, reserved 1048576K
GC Heap History (10 events):
Event: 324.620 GC heap before
{Heap before GC invocations=4961 (full 165):
 PSYoungGen      total 34304K, used 17408K [0x00000007bce00000, 0x00000007c0000000, 0x00000007c0000000)
  eden space 17408K, 100% used [0x00000007bce00000,0x00000007bdf00000,0x00000007bdf00000)
  from space 16896K, 0% used [0x00000007bef80000,0x00000007bef80000,0x00000007c0000000)
  to   space 16896K, 0% used [0x00000007bdf00000,0x00000007bdf00000,0x00000007bef80000)
 ParOldGen       total 102400K, used 102371K [0x00000007b6a00000, 0x00000007bce00000, 0x00000007bce00000)
  object space 102400K, 99% used [0x00000007b6a00000,0x00000007bcdf8e88,0x00000007bce00000)
 Metaspace       used 11486K, capacity 11828K, committed 12160K, reserved 1060864K
  class space    used 1212K, capacity 1316K, committed 1408K, reserved 1048576K
Event: 324.871 GC heap after
Heap after GC invocations=4961 (full 165):
 PSYoungGen      total 34304K, used 7079K [0x00000007bce00000, 0x00000007c0000000, 0x00000007c0000000)
  eden space 17408K, 40% used [0x00000007bce00000,0x00000007bd4e9c08,0x00000007bdf00000)
  from space 16896K, 0% used [0x00000007bef80000,0x00000007bef80000,0x00000007c0000000)
  to   space 16896K, 0% used [0x00000007bdf00000,0x00000007bdf00000,0x00000007bef80000)
 ParOldGen       total 102400K, used 102371K [0x00000007b6a00000, 0x00000007bce00000, 0x00000007bce00000)
  object space 102400K, 99% used [0x00000007b6a00000,0x00000007bcdf8e88,0x00000007bce00000)
 Metaspace       used 11486K, capacity 11828K, committed 12160K, reserved 1060864K
  class space    used 1212K, capacity 1316K, committed 1408K, reserved 1048576K
}
Event: 325.103 GC heap before
{Heap before GC invocations=4962 (full 166):
 PSYoungGen      total 34304K, used 17408K [0x00000007bce00000, 0x00000007c0000000, 0x00000007c0000000)
  eden space 17408K, 100% used [0x00000007bce00000,0x00000007bdf00000,0x00000007bdf00000)
  from space 16896K, 0% used [0x00000007bef80000,0x00000007bef80000,0x00000007c0000000)
  to   space 16896K, 0% used [0x00000007bdf00000,0x00000007bdf00000,0x00000007bef80000)
 ParOldGen       total 102400K, used 102371K [0x00000007b6a00000, 0x00000007bce00000, 0x00000007bce00000)
  object space 102400K, 99% used [0x00000007b6a00000,0x00000007bcdf8e88,0x00000007bce00000)
 Metaspace       used 11486K, capacity 11828K, committed 12160K, reserved 1060864K
  class space    used 1212K, capacity 1316K, committed 1408K, reserved 1048576K
Event: 325.351 GC heap after
Heap after GC invocations=4962 (full 166):
 PSYoungGen      total 34304K, used 7140K [0x00000007bce00000, 0x00000007c0000000, 0x00000007c0000000)
  eden space 17408K, 41% used [0x00000007bce00000,0x00000007bd4f92a8,0x00000007bdf00000)
  from space 16896K, 0% used [0x00000007bef80000,0x00000007bef80000,0x00000007c0000000)
  to   space 16896K, 0% used [0x00000007bdf00000,0x00000007bdf00000,0x00000007bef80000)
 ParOldGen       total 102400K, used 102371K [0x00000007b6a00000, 0x00000007bce00000, 0x00000007bce00000)
  object space 102400K, 99% used [0x00000007b6a00000,0x00000007bcdf8e88,0x00000007bce00000)
 Metaspace       used 11486K, capacity 11828K, committed 12160K, reserved 1060864K
  class space    used 1212K, capacity 1316K, committed 1408K, reserved 1048576K
}
Event: 325.568 GC heap before
{Heap before GC invocations=4963 (full 167):
 PSYoungGen      total 34304K, used 17408K [0x00000007bce00000, 0x00000007c0000000, 0x00000007c0000000)
  eden space 17408K, 100% used [0x00000007bce00000,0x00000007bdf00000,0x00000007bdf00000)
  from space 16896K, 0% used [0x00000007bef80000,0x00000007bef80000,0x00000007c0000000)
  to   space 16896K, 0% used [0x00000007bdf00000,0x00000007bdf00000,0x00000007bef80000)
 ParOldGen       total 102400K, used 102371K [0x00000007b6a00000, 0x00000007bce00000, 0x00000007bce00000)
  object space 102400K, 99% used [0x00000007b6a00000,0x00000007bcdf8e88,0x00000007bce00000)
 Metaspace       used 11486K, capacity 11828K, committed 12160K, reserved 1060864K
  class space    used 1212K, capacity 1316K, committed 1408K, reserved 1048576K
Event: 325.798 GC heap after
Heap after GC invocations=4963 (full 167):
 PSYoungGen      total 34304K, used 7223K [0x00000007bce00000, 0x00000007c0000000, 0x00000007c0000000)
  eden space 17408K, 41% used [0x00000007bce00000,0x00000007bd50dfc8,0x00000007bdf00000)
  from space 16896K, 0% used [0x00000007bef80000,0x00000007bef80000,0x00000007c0000000)
  to   space 16896K, 0% used [0x00000007bdf00000,0x00000007bdf00000,0x00000007bef80000)
 ParOldGen       total 102400K, used 102371K [0x00000007b6a00000, 0x00000007bce00000, 0x00000007bce00000)
  object space 102400K, 99% used [0x00000007b6a00000,0x00000007bcdf8e88,0x00000007bce00000)
 Metaspace       used 11486K, capacity 11828K, committed 12160K, reserved 1060864K
  class space    used 1212K, capacity 1316K, committed 1408K, reserved 1048576K
}
Event: 326.023 GC heap before
{Heap before GC invocations=4964 (full 168):
 PSYoungGen      total 34304K, used 17408K [0x00000007bce00000, 0x00000007c0000000, 0x00000007c0000000)
  eden space 17408K, 100% used [0x00000007bce00000,0x00000007bdf00000,0x00000007bdf00000)
  from space 16896K, 0% used [0x00000007bef80000,0x00000007bef80000,0x00000007c0000000)
  to   space 16896K, 0% used [0x00000007bdf00000,0x00000007bdf00000,0x00000007bef80000)
 ParOldGen       total 102400K, used 102371K [0x00000007b6a00000, 0x00000007bce00000, 0x00000007bce00000)
  object space 102400K, 99% used [0x00000007b6a00000,0x00000007bcdf8e88,0x00000007bce00000)
 Metaspace       used 11486K, capacity 11828K, committed 12160K, reserved 1060864K
  class space    used 1212K, capacity 1316K, committed 1408K, reserved 1048576K
Event: 326.277 GC heap after
Heap after GC invocations=4964 (full 168):
 PSYoungGen      total 34304K, used 7301K [0x00000007bce00000, 0x00000007c0000000, 0x00000007c0000000)
  eden space 17408K, 41% used [0x00000007bce00000,0x00000007bd521488,0x00000007bdf00000)
  from space 16896K, 0% used [0x00000007bef80000,0x00000007bef80000,0x00000007c0000000)
  to   space 16896K, 0% used [0x00000007bdf00000,0x00000007bdf00000,0x00000007bef80000)
 ParOldGen       total 102400K, used 102371K [0x00000007b6a00000, 0x00000007bce00000, 0x00000007bce00000)
  object space 102400K, 99% used [0x00000007b6a00000,0x00000007bcdf8e88,0x00000007bce00000)
 Metaspace       used 11486K, capacity 11828K, committed 12160K, reserved 1060864K
  class space    used 1212K, capacity 1316K, committed 1408K, reserved 1048576K
}
Event: 326.496 GC heap before
{Heap before GC invocations=4965 (full 169):
 PSYoungGen      total 34304K, used 17408K [0x00000007bce00000, 0x00000007c0000000, 0x00000007c0000000)
  eden space 17408K, 100% used [0x00000007bce00000,0x00000007bdf00000,0x00000007bdf00000)
  from space 16896K, 0% used [0x00000007bef80000,0x00000007bef80000,0x00000007c0000000)
  to   space 16896K, 0% used [0x00000007bdf00000,0x00000007bdf00000,0x00000007bef80000)
 ParOldGen       total 102400K, used 102371K [0x00000007b6a00000, 0x00000007bce00000, 0x00000007bce00000)
  object space 102400K, 99% used [0x00000007b6a00000,0x00000007bcdf8e88,0x00000007bce00000)
 Metaspace       used 11486K, capacity 11828K, committed 12160K, reserved 1060864K
  class space    used 1212K, capacity 1316K, committed 1408K, reserved 1048576K
Event: 326.731 GC heap after
Heap after GC invocations=4965 (full 169):
 PSYoungGen      total 34304K, used 7372K [0x00000007bce00000, 0x00000007c0000000, 0x00000007c0000000)
  eden space 17408K, 42% used [0x00000007bce00000,0x00000007bd533008,0x00000007bdf00000)
  from space 16896K, 0% used [0x00000007bef80000,0x00000007bef80000,0x00000007c0000000)
  to   space 16896K, 0% used [0x00000007bdf00000,0x00000007bdf00000,0x00000007bef80000)
 ParOldGen       total 102400K, used 102371K [0x00000007b6a00000, 0x00000007bce00000, 0x00000007bce00000)
  object space 102400K, 99% used [0x00000007b6a00000,0x00000007bcdf8e88,0x00000007bce00000)
 Metaspace       used 11486K, capacity 11828K, committed 12160K, reserved 1060864K
  class space    used 1212K, capacity 1316K, committed 1408K, reserved 1048576K
}

